0 info it worked if it ends with ok
1 verbose cli [ '/home/rspectre/.nvm/v0.8.20/bin/node',
1 verbose cli   '/home/rspectre/.nvm/v0.8.20/bin/npm',
1 verbose cli   'install' ]
2 info using npm@1.2.11
3 info using node@v0.8.20
4 verbose read json /home/rspectre/workspace/Call-Your-Family/package.json
5 verbose readDependencies using package.json deps
6 verbose install where, deps [ '/home/rspectre/workspace/Call-Your-Family',
6 verbose install   [ 'bower',
6 verbose install     'grunt',
6 verbose install     'grunt-cli',
6 verbose install     'grunt-contrib-connect',
6 verbose install     'grunt-contrib-jshint',
6 verbose install     'grunt-contrib-watch',
6 verbose install     'grunt-sass' ] ]
7 verbose from cache /home/rspectre/workspace/Call-Your-Family/package.json
8 info preinstall twilio-call-your-family@1.0.0
9 verbose from cache /home/rspectre/workspace/Call-Your-Family/package.json
10 verbose readDependencies using package.json deps
11 verbose cache add [ 'bower@^1.3.12', null ]
12 verbose cache add name=undefined spec="bower@^1.3.12" args=["bower@^1.3.12",null]
13 verbose parsed url { pathname: 'bower@^1.3.12',
13 verbose parsed url   path: 'bower@^1.3.12',
13 verbose parsed url   href: 'bower@^1.3.12' }
14 verbose cache add name="bower" spec="^1.3.12" args=["bower","^1.3.12"]
15 verbose parsed url { pathname: '^1.3.12', path: '^1.3.12', href: '^1.3.12' }
16 verbose addNamed [ 'bower', '^1.3.12' ]
17 verbose addNamed [ null, null ]
18 verbose cache add [ 'grunt@^0.4.5', null ]
19 verbose cache add name=undefined spec="grunt@^0.4.5" args=["grunt@^0.4.5",null]
20 verbose parsed url { pathname: 'grunt@^0.4.5',
20 verbose parsed url   path: 'grunt@^0.4.5',
20 verbose parsed url   href: 'grunt@^0.4.5' }
21 verbose cache add name="grunt" spec="^0.4.5" args=["grunt","^0.4.5"]
22 verbose parsed url { pathname: '^0.4.5', path: '^0.4.5', href: '^0.4.5' }
23 verbose addNamed [ 'grunt', '^0.4.5' ]
24 verbose addNamed [ null, null ]
25 silly lockFile 99f654c7-bower-1-3-12 bower@^1.3.12
26 verbose lock bower@^1.3.12 /home/rspectre/.npm/99f654c7-bower-1-3-12.lock
27 silly lockFile 73541f84-grunt-0-4-5 grunt@^0.4.5
28 verbose lock grunt@^0.4.5 /home/rspectre/.npm/73541f84-grunt-0-4-5.lock
29 verbose cache add [ 'grunt-cli@^0.1.13', null ]
30 verbose cache add name=undefined spec="grunt-cli@^0.1.13" args=["grunt-cli@^0.1.13",null]
31 verbose parsed url { pathname: 'grunt-cli@^0.1.13',
31 verbose parsed url   path: 'grunt-cli@^0.1.13',
31 verbose parsed url   href: 'grunt-cli@^0.1.13' }
32 verbose cache add name="grunt-cli" spec="^0.1.13" args=["grunt-cli","^0.1.13"]
33 verbose parsed url { pathname: '^0.1.13', path: '^0.1.13', href: '^0.1.13' }
34 verbose addNamed [ 'grunt-cli', '^0.1.13' ]
35 verbose addNamed [ null, null ]
36 silly lockFile c776df95-grunt-cli-0-1-13 grunt-cli@^0.1.13
37 verbose lock grunt-cli@^0.1.13 /home/rspectre/.npm/c776df95-grunt-cli-0-1-13.lock
38 verbose cache add [ 'grunt-contrib-connect@^0.9.0', null ]
39 verbose cache add name=undefined spec="grunt-contrib-connect@^0.9.0" args=["grunt-contrib-connect@^0.9.0",null]
40 verbose parsed url { pathname: 'grunt-contrib-connect@^0.9.0',
40 verbose parsed url   path: 'grunt-contrib-connect@^0.9.0',
40 verbose parsed url   href: 'grunt-contrib-connect@^0.9.0' }
41 verbose cache add name="grunt-contrib-connect" spec="^0.9.0" args=["grunt-contrib-connect","^0.9.0"]
42 verbose parsed url { pathname: '^0.9.0', path: '^0.9.0', href: '^0.9.0' }
43 verbose addNamed [ 'grunt-contrib-connect', '^0.9.0' ]
44 verbose addNamed [ null, null ]
45 silly lockFile 8990ac20-grunt-contrib-connect-0-9-0 grunt-contrib-connect@^0.9.0
46 verbose lock grunt-contrib-connect@^0.9.0 /home/rspectre/.npm/8990ac20-grunt-contrib-connect-0-9-0.lock
47 verbose cache add [ 'grunt-contrib-jshint@^0.11.0', null ]
48 verbose cache add name=undefined spec="grunt-contrib-jshint@^0.11.0" args=["grunt-contrib-jshint@^0.11.0",null]
49 verbose parsed url { pathname: 'grunt-contrib-jshint@^0.11.0',
49 verbose parsed url   path: 'grunt-contrib-jshint@^0.11.0',
49 verbose parsed url   href: 'grunt-contrib-jshint@^0.11.0' }
50 verbose cache add name="grunt-contrib-jshint" spec="^0.11.0" args=["grunt-contrib-jshint","^0.11.0"]
51 verbose parsed url { pathname: '^0.11.0', path: '^0.11.0', href: '^0.11.0' }
52 verbose addNamed [ 'grunt-contrib-jshint', '^0.11.0' ]
53 verbose addNamed [ null, null ]
54 silly lockFile 5782cb4c-grunt-contrib-jshint-0-11-0 grunt-contrib-jshint@^0.11.0
55 verbose lock grunt-contrib-jshint@^0.11.0 /home/rspectre/.npm/5782cb4c-grunt-contrib-jshint-0-11-0.lock
56 verbose cache add [ 'grunt-contrib-watch@^0.6.1', null ]
57 verbose cache add name=undefined spec="grunt-contrib-watch@^0.6.1" args=["grunt-contrib-watch@^0.6.1",null]
58 verbose parsed url { pathname: 'grunt-contrib-watch@^0.6.1',
58 verbose parsed url   path: 'grunt-contrib-watch@^0.6.1',
58 verbose parsed url   href: 'grunt-contrib-watch@^0.6.1' }
59 verbose cache add name="grunt-contrib-watch" spec="^0.6.1" args=["grunt-contrib-watch","^0.6.1"]
60 verbose parsed url { pathname: '^0.6.1', path: '^0.6.1', href: '^0.6.1' }
61 verbose addNamed [ 'grunt-contrib-watch', '^0.6.1' ]
62 verbose addNamed [ null, null ]
63 silly lockFile 224b1ece-grunt-contrib-watch-0-6-1 grunt-contrib-watch@^0.6.1
64 verbose lock grunt-contrib-watch@^0.6.1 /home/rspectre/.npm/224b1ece-grunt-contrib-watch-0-6-1.lock
65 verbose cache add [ 'grunt-sass@^0.17.0', null ]
66 verbose cache add name=undefined spec="grunt-sass@^0.17.0" args=["grunt-sass@^0.17.0",null]
67 verbose parsed url { pathname: 'grunt-sass@^0.17.0',
67 verbose parsed url   path: 'grunt-sass@^0.17.0',
67 verbose parsed url   href: 'grunt-sass@^0.17.0' }
68 verbose cache add name="grunt-sass" spec="^0.17.0" args=["grunt-sass","^0.17.0"]
69 verbose parsed url { pathname: '^0.17.0', path: '^0.17.0', href: '^0.17.0' }
70 verbose addNamed [ 'grunt-sass', '^0.17.0' ]
71 verbose addNamed [ null, null ]
72 silly lockFile cd4453e4-grunt-sass-0-17-0 grunt-sass@^0.17.0
73 verbose lock grunt-sass@^0.17.0 /home/rspectre/.npm/cd4453e4-grunt-sass-0-17-0.lock
74 info addNameTag [ 'bower', '^1.3.12' ]
75 info addNameTag [ 'grunt', '^0.4.5' ]
76 info addNameTag [ 'grunt-cli', '^0.1.13' ]
77 info addNameTag [ 'grunt-contrib-connect', '^0.9.0' ]
78 info addNameTag [ 'grunt-contrib-jshint', '^0.11.0' ]
79 info addNameTag [ 'grunt-contrib-watch', '^0.6.1' ]
80 info addNameTag [ 'grunt-sass', '^0.17.0' ]
81 verbose url raw grunt-cli
82 verbose url resolving [ 'https://registry.npmjs.org/', './grunt-cli' ]
83 verbose url resolved https://registry.npmjs.org/grunt-cli
84 info trying registry request attempt 1 at 14:53:05
85 verbose etag "1D4NWFHTMHBHG1QEQWH6JZAET"
86 http GET https://registry.npmjs.org/grunt-cli
87 verbose url raw bower
88 verbose url resolving [ 'https://registry.npmjs.org/', './bower' ]
89 verbose url resolved https://registry.npmjs.org/bower
90 info trying registry request attempt 1 at 14:53:05
91 verbose etag "9FLQC8OQLVXHECPKFRFZYS6KQ"
92 http GET https://registry.npmjs.org/bower
93 verbose url raw grunt-contrib-watch
94 verbose url resolving [ 'https://registry.npmjs.org/', './grunt-contrib-watch' ]
95 verbose url resolved https://registry.npmjs.org/grunt-contrib-watch
96 info trying registry request attempt 1 at 14:53:05
97 verbose etag "23RZQQ0Q2287VE2MWQ6ZU9EXO"
98 http GET https://registry.npmjs.org/grunt-contrib-watch
99 verbose url raw grunt-contrib-jshint
100 verbose url resolving [ 'https://registry.npmjs.org/', './grunt-contrib-jshint' ]
101 verbose url resolved https://registry.npmjs.org/grunt-contrib-jshint
102 info trying registry request attempt 1 at 14:53:05
103 verbose etag "6F8EY1WJJ4CVZ0D61BYBEIFC4"
104 http GET https://registry.npmjs.org/grunt-contrib-jshint
105 verbose url raw grunt
106 verbose url resolving [ 'https://registry.npmjs.org/', './grunt' ]
107 verbose url resolved https://registry.npmjs.org/grunt
108 info trying registry request attempt 1 at 14:53:05
109 verbose etag "EVHN8JJ5Y9Z0G50RGOKAN4T9J"
110 http GET https://registry.npmjs.org/grunt
111 verbose url raw grunt-sass
112 verbose url resolving [ 'https://registry.npmjs.org/', './grunt-sass' ]
113 verbose url resolved https://registry.npmjs.org/grunt-sass
114 info trying registry request attempt 1 at 14:53:05
115 verbose etag "73IY54761IP0IDDH3UGE70I1J"
116 http GET https://registry.npmjs.org/grunt-sass
117 verbose url raw grunt-contrib-connect
118 verbose url resolving [ 'https://registry.npmjs.org/', './grunt-contrib-connect' ]
119 verbose url resolved https://registry.npmjs.org/grunt-contrib-connect
120 info trying registry request attempt 1 at 14:53:06
121 verbose etag "11JX7B4RUXO846LD0I4YD9I9T"
122 http GET https://registry.npmjs.org/grunt-contrib-connect
123 http 304 https://registry.npmjs.org/grunt-contrib-jshint
124 silly registry.get cb [ 304,
124 silly registry.get   { date: 'Sat, 25 Apr 2015 18:53:07 GMT',
124 silly registry.get     server: 'Apache',
124 silly registry.get     via: '1.1 varnish',
124 silly registry.get     'last-modified': 'Sat, 25 Apr 2015 18:53:07 GMT',
124 silly registry.get     'cache-control': 'max-age=60',
124 silly registry.get     etag: '"6F8EY1WJJ4CVZ0D61BYBEIFC4"',
124 silly registry.get     age: '10',
124 silly registry.get     'x-served-by': 'cache-iad2124-IAD',
124 silly registry.get     'x-cache': 'HIT',
124 silly registry.get     'x-cache-hits': '1',
124 silly registry.get     'x-timer': 'S1429987987.188576,VS0,VE0',
124 silly registry.get     vary: 'Accept',
124 silly registry.get     'content-length': '0',
124 silly registry.get     'keep-alive': 'timeout=10, max=50',
124 silly registry.get     connection: 'Keep-Alive' } ]
125 verbose etag grunt-contrib-jshint from cache
126 silly lockFile 5782cb4c-grunt-contrib-jshint-0-11-0 grunt-contrib-jshint@^0.11.0
127 silly lockFile 5782cb4c-grunt-contrib-jshint-0-11-0 grunt-contrib-jshint@^0.11.0
128 error Error: No compatible version found: grunt-contrib-jshint@'^0.11.0'
128 error Valid install targets:
128 error ["0.1.0","0.1.1","0.2.0","0.3.0","0.4.0","0.4.1","0.4.2","0.4.3","0.5.0","0.5.1","0.5.2","0.5.3","0.5.4","0.6.0","0.6.1","0.6.2","0.6.3","0.6.4","0.6.5","0.7.0","0.7.1","0.7.2","0.8.0","0.9.0","0.9.1","0.9.2","0.10.0","0.11.0","0.11.1","0.11.2","0.1.1-rc5","0.1.1-rc6"]
128 error     at installTargetsError (/home/rspectre/.nvm/v0.8.20/lib/node_modules/npm/lib/cache.js:679:10)
128 error     at /home/rspectre/.nvm/v0.8.20/lib/node_modules/npm/lib/cache.js:594:10
128 error     at saved (/home/rspectre/.nvm/v0.8.20/lib/node_modules/npm/node_modules/npm-registry-client/lib/get.js:138:7)
128 error     at Object.oncomplete (fs.js:297:15)
129 error If you need help, you may report this log at:
129 error     <http://github.com/isaacs/npm/issues>
129 error or email it to:
129 error     <npm-@googlegroups.com>
130 error System Linux 3.2.0-54-generic-pae
131 error command "/home/rspectre/.nvm/v0.8.20/bin/node" "/home/rspectre/.nvm/v0.8.20/bin/npm" "install"
132 error cwd /home/rspectre/workspace/Call-Your-Family
133 error node -v v0.8.20
134 error npm -v 1.2.11
135 verbose exit [ 1, true ]
